{"/Users/mikereading/Documents/CascadeProjects/secure-company-api/src/server.js": {"path":"/Users/mikereading/Documents/CascadeProjects/secure-company-api/src/server.js","statementMap":{"0":{"start":{"line":1,"column":0},"end":{"line":1,"column":27}},"1":{"start":{"line":2,"column":16},"end":{"line":2,"column":34}},"2":{"start":{"line":3,"column":17},"end":{"line":3,"column":36}},"3":{"start":{"line":4,"column":13},"end":{"line":4,"column":28}},"4":{"start":{"line":5,"column":15},"end":{"line":5,"column":32}},"5":{"start":{"line":6,"column":20},"end":{"line":6,"column":42}},"6":{"start":{"line":7,"column":15},"end":{"line":7,"column":32}},"7":{"start":{"line":8,"column":18},"end":{"line":8,"column":47}},"8":{"start":{"line":9,"column":12},"end":{"line":9,"column":26}},"9":{"start":{"line":10,"column":19},"end":{"line":10,"column":50}},"10":{"start":{"line":11,"column":19},"end":{"line":11,"column":50}},"11":{"start":{"line":12,"column":25},"end":{"line":12,"column":65}},"12":{"start":{"line":14,"column":12},"end":{"line":14,"column":21}},"13":{"start":{"line":17,"column":0},"end":{"line":17,"column":18}},"14":{"start":{"line":18,"column":0},"end":{"line":18,"column":15}},"15":{"start":{"line":21,"column":0},"end":{"line":35,"column":1}},"16":{"start":{"line":22,"column":18},"end":{"line":25,"column":4}},"17":{"start":{"line":26,"column":2},"end":{"line":26,"column":28}},"18":{"start":{"line":29,"column":22},"end":{"line":33,"column":4}},"19":{"start":{"line":34,"column":2},"end":{"line":34,"column":37}},"20":{"start":{"line":38,"column":0},"end":{"line":45,"column":4}},"21":{"start":{"line":47,"column":0},"end":{"line":47,"column":23}},"22":{"start":{"line":50,"column":0},"end":{"line":59,"column":4}},"23":{"start":{"line":54,"column":4},"end":{"line":56,"column":5}},"24":{"start":{"line":55,"column":6},"end":{"line":55,"column":42}},"25":{"start":{"line":57,"column":4},"end":{"line":57,"column":17}},"26":{"start":{"line":60,"column":0},"end":{"line":60,"column":24}},"27":{"start":{"line":63,"column":0},"end":{"line":63,"column":33}},"28":{"start":{"line":64,"column":0},"end":{"line":64,"column":34}},"29":{"start":{"line":67,"column":0},"end":{"line":67,"column":22}},"30":{"start":{"line":70,"column":18},"end":{"line":80,"column":1}},"31":{"start":{"line":71,"column":2},"end":{"line":79,"column":3}},"32":{"start":{"line":72,"column":4},"end":{"line":75,"column":5}},"33":{"start":{"line":73,"column":6},"end":{"line":73,"column":54}},"34":{"start":{"line":74,"column":6},"end":{"line":74,"column":42}},"35":{"start":{"line":77,"column":4},"end":{"line":77,"column":52}},"36":{"start":{"line":78,"column":4},"end":{"line":78,"column":14}},"37":{"start":{"line":83,"column":20},"end":{"line":96,"column":1}},"38":{"start":{"line":84,"column":2},"end":{"line":95,"column":3}},"39":{"start":{"line":85,"column":4},"end":{"line":94,"column":5}},"40":{"start":{"line":86,"column":6},"end":{"line":86,"column":24}},"41":{"start":{"line":87,"column":19},"end":{"line":87,"column":43}},"42":{"start":{"line":88,"column":6},"end":{"line":90,"column":9}},"43":{"start":{"line":89,"column":8},"end":{"line":89,"column":57}},"44":{"start":{"line":92,"column":6},"end":{"line":92,"column":51}},"45":{"start":{"line":93,"column":6},"end":{"line":93,"column":22}},"46":{"start":{"line":98,"column":0},"end":{"line":98,"column":14}},"47":{"start":{"line":100,"column":0},"end":{"line":100,"column":21}}},"fnMap":{"0":{"name":"(anonymous_0)","decl":{"start":{"line":53,"column":10},"end":{"line":53,"column":11}},"loc":{"start":{"line":53,"column":24},"end":{"line":58,"column":3}},"line":53},"1":{"name":"(anonymous_1)","decl":{"start":{"line":70,"column":18},"end":{"line":70,"column":19}},"loc":{"start":{"line":70,"column":30},"end":{"line":80,"column":1}},"line":70},"2":{"name":"(anonymous_2)","decl":{"start":{"line":83,"column":20},"end":{"line":83,"column":21}},"loc":{"start":{"line":83,"column":32},"end":{"line":96,"column":1}},"line":83},"3":{"name":"(anonymous_3)","decl":{"start":{"line":88,"column":23},"end":{"line":88,"column":24}},"loc":{"start":{"line":88,"column":29},"end":{"line":90,"column":7}},"line":88}},"branchMap":{"0":{"loc":{"start":{"line":21,"column":0},"end":{"line":35,"column":1}},"type":"if","locations":[{"start":{"line":21,"column":0},"end":{"line":35,"column":1}},{"start":{},"end":{}}],"line":21},"1":{"loc":{"start":{"line":39,"column":10},"end":{"line":39,"column":80}},"type":"cond-expr","locations":[{"start":{"line":39,"column":50},"end":{"line":39,"column":74}},{"start":{"line":39,"column":77},"end":{"line":39,"column":80}}],"line":39},"2":{"loc":{"start":{"line":54,"column":4},"end":{"line":56,"column":5}},"type":"if","locations":[{"start":{"line":54,"column":4},"end":{"line":56,"column":5}},{"start":{},"end":{}}],"line":54},"3":{"loc":{"start":{"line":54,"column":8},"end":{"line":54,"column":79}},"type":"binary-expr","locations":[{"start":{"line":54,"column":8},"end":{"line":54,"column":38}},{"start":{"line":54,"column":42},"end":{"line":54,"column":79}}],"line":54},"4":{"loc":{"start":{"line":72,"column":4},"end":{"line":75,"column":5}},"type":"if","locations":[{"start":{"line":72,"column":4},"end":{"line":75,"column":5}},{"start":{},"end":{}}],"line":72},"5":{"loc":{"start":{"line":84,"column":2},"end":{"line":95,"column":3}},"type":"if","locations":[{"start":{"line":84,"column":2},"end":{"line":95,"column":3}},{"start":{},"end":{}}],"line":84},"6":{"loc":{"start":{"line":87,"column":19},"end":{"line":87,"column":43}},"type":"binary-expr","locations":[{"start":{"line":87,"column":19},"end":{"line":87,"column":35}},{"start":{"line":87,"column":39},"end":{"line":87,"column":43}}],"line":87}},"s":{"0":5,"1":5,"2":5,"3":5,"4":5,"5":5,"6":5,"7":5,"8":5,"9":5,"10":5,"11":5,"12":5,"13":5,"14":5,"15":5,"16":0,"17":0,"18":0,"19":0,"20":5,"21":5,"22":5,"23":53,"24":52,"25":1,"26":5,"27":5,"28":5,"29":5,"30":5,"31":0,"32":0,"33":0,"34":0,"35":0,"36":0,"37":5,"38":5,"39":0,"40":0,"41":0,"42":0,"43":0,"44":0,"45":0,"46":5,"47":5},"f":{"0":53,"1":0,"2":5,"3":0},"b":{"0":[0,5],"1":[0,5],"2":[52,1],"3":[53,52],"4":[0,0],"5":[0,5],"6":[0,0]},"_coverageSchema":"1a1c01bbd47fc00a2c39e90264f33305004495a9","hash":"911297d12155d35969b288a390f54d08ec27ed8c"}
,"/Users/mikereading/Documents/CascadeProjects/secure-company-api/src/controllers/auth.controller.js": {"path":"/Users/mikereading/Documents/CascadeProjects/secure-company-api/src/controllers/auth.controller.js","statementMap":{"0":{"start":{"line":1,"column":12},"end":{"line":1,"column":35}},"1":{"start":{"line":2,"column":13},"end":{"line":2,"column":44}},"2":{"start":{"line":4,"column":22},"end":{"line":7,"column":1}},"3":{"start":{"line":5,"column":20},"end":{"line":5,"column":92}},"4":{"start":{"line":6,"column":2},"end":{"line":6,"column":65}},"5":{"start":{"line":9,"column":0},"end":{"line":22,"column":2}},"6":{"start":{"line":10,"column":2},"end":{"line":21,"column":3}},"7":{"start":{"line":11,"column":38},"end":{"line":11,"column":46}},"8":{"start":{"line":12,"column":17},"end":{"line":12,"column":61}},"9":{"start":{"line":14,"column":18},"end":{"line":14,"column":41}},"10":{"start":{"line":15,"column":4},"end":{"line":15,"column":36}},"11":{"start":{"line":17,"column":4},"end":{"line":19,"column":5}},"12":{"start":{"line":18,"column":6},"end":{"line":18,"column":80}},"13":{"start":{"line":20,"column":4},"end":{"line":20,"column":53}},"14":{"start":{"line":24,"column":0},"end":{"line":38,"column":2}},"15":{"start":{"line":25,"column":2},"end":{"line":37,"column":3}},"16":{"start":{"line":26,"column":32},"end":{"line":26,"column":40}},"17":{"start":{"line":28,"column":17},"end":{"line":28,"column":66}},"18":{"start":{"line":29,"column":4},"end":{"line":31,"column":5}},"19":{"start":{"line":30,"column":6},"end":{"line":30,"column":70}},"20":{"start":{"line":33,"column":18},"end":{"line":33,"column":41}},"21":{"start":{"line":34,"column":4},"end":{"line":34,"column":24}},"22":{"start":{"line":36,"column":4},"end":{"line":36,"column":53}}},"fnMap":{"0":{"name":"(anonymous_0)","decl":{"start":{"line":4,"column":22},"end":{"line":4,"column":23}},"loc":{"start":{"line":4,"column":30},"end":{"line":7,"column":1}},"line":4},"1":{"name":"(anonymous_1)","decl":{"start":{"line":9,"column":19},"end":{"line":9,"column":20}},"loc":{"start":{"line":9,"column":39},"end":{"line":22,"column":1}},"line":9},"2":{"name":"(anonymous_2)","decl":{"start":{"line":24,"column":16},"end":{"line":24,"column":17}},"loc":{"start":{"line":24,"column":36},"end":{"line":38,"column":1}},"line":24}},"branchMap":{"0":{"loc":{"start":{"line":5,"column":20},"end":{"line":5,"column":92}},"type":"cond-expr","locations":[{"start":{"line":5,"column":54},"end":{"line":5,"column":58}},{"start":{"line":5,"column":61},"end":{"line":5,"column":92}}],"line":5},"1":{"loc":{"start":{"line":5,"column":61},"end":{"line":5,"column":92}},"type":"binary-expr","locations":[{"start":{"line":5,"column":61},"end":{"line":5,"column":83}},{"start":{"line":5,"column":87},"end":{"line":5,"column":92}}],"line":5},"2":{"loc":{"start":{"line":17,"column":4},"end":{"line":19,"column":5}},"type":"if","locations":[{"start":{"line":17,"column":4},"end":{"line":19,"column":5}},{"start":{},"end":{}}],"line":17},"3":{"loc":{"start":{"line":29,"column":4},"end":{"line":31,"column":5}},"type":"if","locations":[{"start":{"line":29,"column":4},"end":{"line":31,"column":5}},{"start":{},"end":{}}],"line":29},"4":{"loc":{"start":{"line":29,"column":8},"end":{"line":29,"column":56}},"type":"binary-expr","locations":[{"start":{"line":29,"column":8},"end":{"line":29,"column":13}},{"start":{"line":29,"column":17},"end":{"line":29,"column":56}}],"line":29}},"s":{"0":5,"1":5,"2":5,"3":26,"4":26,"5":5,"6":5,"7":5,"8":5,"9":3,"10":3,"11":2,"12":2,"13":0,"14":5,"15":24,"16":24,"17":24,"18":24,"19":1,"20":23,"21":23,"22":0},"f":{"0":26,"1":5,"2":24},"b":{"0":[26,0],"1":[0,0],"2":[2,0],"3":[1,23],"4":[24,24]},"_coverageSchema":"1a1c01bbd47fc00a2c39e90264f33305004495a9","hash":"194880381a2a379217499db25b7598c95eae9c4b"}
,"/Users/mikereading/Documents/CascadeProjects/secure-company-api/src/controllers/user.controller.js": {"path":"/Users/mikereading/Documents/CascadeProjects/secure-company-api/src/controllers/user.controller.js","statementMap":{"0":{"start":{"line":1,"column":13},"end":{"line":1,"column":44}},"1":{"start":{"line":3,"column":0},"end":{"line":10,"column":2}},"2":{"start":{"line":4,"column":2},"end":{"line":9,"column":3}},"3":{"start":{"line":5,"column":18},"end":{"line":5,"column":55}},"4":{"start":{"line":6,"column":4},"end":{"line":6,"column":20}},"5":{"start":{"line":8,"column":4},"end":{"line":8,"column":16}},"6":{"start":{"line":12,"column":0},"end":{"line":27,"column":2}},"7":{"start":{"line":13,"column":2},"end":{"line":26,"column":3}},"8":{"start":{"line":15,"column":4},"end":{"line":17,"column":5}},"9":{"start":{"line":16,"column":6},"end":{"line":16,"column":72}},"10":{"start":{"line":19,"column":17},"end":{"line":19,"column":71}},"11":{"start":{"line":20,"column":4},"end":{"line":22,"column":5}},"12":{"start":{"line":21,"column":6},"end":{"line":21,"column":65}},"13":{"start":{"line":23,"column":4},"end":{"line":23,"column":19}},"14":{"start":{"line":25,"column":4},"end":{"line":25,"column":16}},"15":{"start":{"line":29,"column":0},"end":{"line":45,"column":2}},"16":{"start":{"line":30,"column":2},"end":{"line":44,"column":3}},"17":{"start":{"line":31,"column":28},"end":{"line":31,"column":36}},"18":{"start":{"line":32,"column":17},"end":{"line":36,"column":25}},"19":{"start":{"line":38,"column":4},"end":{"line":40,"column":5}},"20":{"start":{"line":39,"column":6},"end":{"line":39,"column":65}},"21":{"start":{"line":41,"column":4},"end":{"line":41,"column":19}},"22":{"start":{"line":43,"column":4},"end":{"line":43,"column":16}},"23":{"start":{"line":47,"column":0},"end":{"line":57,"column":2}},"24":{"start":{"line":48,"column":2},"end":{"line":56,"column":3}},"25":{"start":{"line":49,"column":17},"end":{"line":49,"column":60}},"26":{"start":{"line":50,"column":4},"end":{"line":52,"column":5}},"27":{"start":{"line":51,"column":6},"end":{"line":51,"column":65}},"28":{"start":{"line":53,"column":4},"end":{"line":53,"column":31}},"29":{"start":{"line":55,"column":4},"end":{"line":55,"column":16}}},"fnMap":{"0":{"name":"(anonymous_0)","decl":{"start":{"line":3,"column":22},"end":{"line":3,"column":23}},"loc":{"start":{"line":3,"column":48},"end":{"line":10,"column":1}},"line":3},"1":{"name":"(anonymous_1)","decl":{"start":{"line":12,"column":18},"end":{"line":12,"column":19}},"loc":{"start":{"line":12,"column":44},"end":{"line":27,"column":1}},"line":12},"2":{"name":"(anonymous_2)","decl":{"start":{"line":29,"column":21},"end":{"line":29,"column":22}},"loc":{"start":{"line":29,"column":47},"end":{"line":45,"column":1}},"line":29},"3":{"name":"(anonymous_3)","decl":{"start":{"line":47,"column":21},"end":{"line":47,"column":22}},"loc":{"start":{"line":47,"column":47},"end":{"line":57,"column":1}},"line":47}},"branchMap":{"0":{"loc":{"start":{"line":15,"column":4},"end":{"line":17,"column":5}},"type":"if","locations":[{"start":{"line":15,"column":4},"end":{"line":17,"column":5}},{"start":{},"end":{}}],"line":15},"1":{"loc":{"start":{"line":20,"column":4},"end":{"line":22,"column":5}},"type":"if","locations":[{"start":{"line":20,"column":4},"end":{"line":22,"column":5}},{"start":{},"end":{}}],"line":20},"2":{"loc":{"start":{"line":38,"column":4},"end":{"line":40,"column":5}},"type":"if","locations":[{"start":{"line":38,"column":4},"end":{"line":40,"column":5}},{"start":{},"end":{}}],"line":38},"3":{"loc":{"start":{"line":50,"column":4},"end":{"line":52,"column":5}},"type":"if","locations":[{"start":{"line":50,"column":4},"end":{"line":52,"column":5}},{"start":{},"end":{}}],"line":50}},"s":{"0":5,"1":5,"2":5,"3":5,"4":5,"5":0,"6":5,"7":4,"8":4,"9":1,"10":3,"11":3,"12":1,"13":2,"14":0,"15":5,"16":1,"17":1,"18":1,"19":1,"20":0,"21":1,"22":0,"23":5,"24":1,"25":1,"26":1,"27":0,"28":1,"29":0},"f":{"0":5,"1":4,"2":1,"3":1},"b":{"0":[1,3],"1":[1,2],"2":[0,1],"3":[0,1]},"_coverageSchema":"1a1c01bbd47fc00a2c39e90264f33305004495a9","hash":"0cfd3faa789f7c98436dee42644eb090822647d0"}
,"/Users/mikereading/Documents/CascadeProjects/secure-company-api/src/middleware/auth.middleware.js": {"path":"/Users/mikereading/Documents/CascadeProjects/secure-company-api/src/middleware/auth.middleware.js","statementMap":{"0":{"start":{"line":1,"column":12},"end":{"line":1,"column":35}},"1":{"start":{"line":2,"column":13},"end":{"line":2,"column":44}},"2":{"start":{"line":4,"column":0},"end":{"line":55,"column":2}},"3":{"start":{"line":5,"column":2},"end":{"line":54,"column":3}},"4":{"start":{"line":7,"column":4},"end":{"line":9,"column":5}},"5":{"start":{"line":8,"column":6},"end":{"line":8,"column":54}},"6":{"start":{"line":11,"column":4},"end":{"line":16,"column":5}},"7":{"start":{"line":12,"column":6},"end":{"line":15,"column":9}},"8":{"start":{"line":18,"column":4},"end":{"line":48,"column":5}},"9":{"start":{"line":19,"column":22},"end":{"line":19,"column":63}},"10":{"start":{"line":22,"column":31},"end":{"line":22,"column":60}},"11":{"start":{"line":23,"column":6},"end":{"line":28,"column":7}},"12":{"start":{"line":24,"column":8},"end":{"line":27,"column":11}},"13":{"start":{"line":30,"column":19},"end":{"line":30,"column":50}},"14":{"start":{"line":31,"column":6},"end":{"line":36,"column":7}},"15":{"start":{"line":32,"column":8},"end":{"line":35,"column":11}},"16":{"start":{"line":38,"column":6},"end":{"line":38,"column":22}},"17":{"start":{"line":39,"column":6},"end":{"line":39,"column":13}},"18":{"start":{"line":41,"column":6},"end":{"line":46,"column":7}},"19":{"start":{"line":42,"column":8},"end":{"line":45,"column":11}},"20":{"start":{"line":47,"column":6},"end":{"line":47,"column":21}},"21":{"start":{"line":50,"column":4},"end":{"line":53,"column":7}},"22":{"start":{"line":57,"column":0},"end":{"line":64,"column":2}},"23":{"start":{"line":58,"column":2},"end":{"line":63,"column":4}},"24":{"start":{"line":59,"column":4},"end":{"line":61,"column":5}},"25":{"start":{"line":60,"column":6},"end":{"line":60,"column":88}},"26":{"start":{"line":62,"column":4},"end":{"line":62,"column":11}}},"fnMap":{"0":{"name":"(anonymous_0)","decl":{"start":{"line":4,"column":18},"end":{"line":4,"column":19}},"loc":{"start":{"line":4,"column":44},"end":{"line":55,"column":1}},"line":4},"1":{"name":"(anonymous_1)","decl":{"start":{"line":57,"column":20},"end":{"line":57,"column":21}},"loc":{"start":{"line":57,"column":34},"end":{"line":64,"column":1}},"line":57},"2":{"name":"(anonymous_2)","decl":{"start":{"line":58,"column":9},"end":{"line":58,"column":10}},"loc":{"start":{"line":58,"column":29},"end":{"line":63,"column":3}},"line":58}},"branchMap":{"0":{"loc":{"start":{"line":7,"column":4},"end":{"line":9,"column":5}},"type":"if","locations":[{"start":{"line":7,"column":4},"end":{"line":9,"column":5}},{"start":{},"end":{}}],"line":7},"1":{"loc":{"start":{"line":11,"column":4},"end":{"line":16,"column":5}},"type":"if","locations":[{"start":{"line":11,"column":4},"end":{"line":16,"column":5}},{"start":{},"end":{}}],"line":11},"2":{"loc":{"start":{"line":23,"column":6},"end":{"line":28,"column":7}},"type":"if","locations":[{"start":{"line":23,"column":6},"end":{"line":28,"column":7}},{"start":{},"end":{}}],"line":23},"3":{"loc":{"start":{"line":23,"column":10},"end":{"line":23,"column":55}},"type":"binary-expr","locations":[{"start":{"line":23,"column":10},"end":{"line":23,"column":21}},{"start":{"line":23,"column":25},"end":{"line":23,"column":55}}],"line":23},"4":{"loc":{"start":{"line":31,"column":6},"end":{"line":36,"column":7}},"type":"if","locations":[{"start":{"line":31,"column":6},"end":{"line":36,"column":7}},{"start":{},"end":{}}],"line":31},"5":{"loc":{"start":{"line":41,"column":6},"end":{"line":46,"column":7}},"type":"if","locations":[{"start":{"line":41,"column":6},"end":{"line":46,"column":7}},{"start":{},"end":{}}],"line":41},"6":{"loc":{"start":{"line":59,"column":4},"end":{"line":61,"column":5}},"type":"if","locations":[{"start":{"line":59,"column":4},"end":{"line":61,"column":5}},{"start":{},"end":{}}],"line":59}},"s":{"0":5,"1":5,"2":5,"3":17,"4":17,"5":16,"6":17,"7":1,"8":16,"9":16,"10":15,"11":15,"12":0,"13":15,"14":15,"15":0,"16":15,"17":15,"18":1,"19":1,"20":0,"21":0,"22":5,"23":10,"24":8,"25":2,"26":6},"f":{"0":17,"1":10,"2":8},"b":{"0":[16,1],"1":[1,16],"2":[0,15],"3":[15,15],"4":[0,15],"5":[1,0],"6":[2,6]},"_coverageSchema":"1a1c01bbd47fc00a2c39e90264f33305004495a9","hash":"2d995c68579fbefd8bdb35f8fa02f1e4347bbc1a"}
,"/Users/mikereading/Documents/CascadeProjects/secure-company-api/src/middleware/error.middleware.js": {"path":"/Users/mikereading/Documents/CascadeProjects/secure-company-api/src/middleware/error.middleware.js","statementMap":{"0":{"start":{"line":1,"column":0},"end":{"line":38,"column":2}},"1":{"start":{"line":2,"column":2},"end":{"line":2,"column":21}},"2":{"start":{"line":5,"column":2},"end":{"line":10,"column":3}},"3":{"start":{"line":6,"column":4},"end":{"line":9,"column":7}},"4":{"start":{"line":8,"column":51},"end":{"line":8,"column":62}},"5":{"start":{"line":13,"column":2},"end":{"line":18,"column":3}},"6":{"start":{"line":14,"column":18},"end":{"line":14,"column":63}},"7":{"start":{"line":15,"column":4},"end":{"line":17,"column":7}},"8":{"start":{"line":21,"column":2},"end":{"line":25,"column":3}},"9":{"start":{"line":22,"column":4},"end":{"line":24,"column":7}},"10":{"start":{"line":28,"column":2},"end":{"line":32,"column":3}},"11":{"start":{"line":29,"column":4},"end":{"line":31,"column":7}},"12":{"start":{"line":35,"column":2},"end":{"line":37,"column":5}}},"fnMap":{"0":{"name":"(anonymous_0)","decl":{"start":{"line":1,"column":23},"end":{"line":1,"column":24}},"loc":{"start":{"line":1,"column":48},"end":{"line":38,"column":1}},"line":1},"1":{"name":"(anonymous_1)","decl":{"start":{"line":8,"column":44},"end":{"line":8,"column":45}},"loc":{"start":{"line":8,"column":51},"end":{"line":8,"column":62}},"line":8}},"branchMap":{"0":{"loc":{"start":{"line":5,"column":2},"end":{"line":10,"column":3}},"type":"if","locations":[{"start":{"line":5,"column":2},"end":{"line":10,"column":3}},{"start":{},"end":{}}],"line":5},"1":{"loc":{"start":{"line":13,"column":2},"end":{"line":18,"column":3}},"type":"if","locations":[{"start":{"line":13,"column":2},"end":{"line":18,"column":3}},{"start":{},"end":{}}],"line":13},"2":{"loc":{"start":{"line":13,"column":6},"end":{"line":13,"column":46}},"type":"binary-expr","locations":[{"start":{"line":13,"column":6},"end":{"line":13,"column":24}},{"start":{"line":13,"column":28},"end":{"line":13,"column":46}}],"line":13},"3":{"loc":{"start":{"line":14,"column":18},"end":{"line":14,"column":63}},"type":"binary-expr","locations":[{"start":{"line":14,"column":18},"end":{"line":14,"column":52}},{"start":{"line":14,"column":56},"end":{"line":14,"column":63}}],"line":14},"4":{"loc":{"start":{"line":14,"column":30},"end":{"line":14,"column":48}},"type":"binary-expr","locations":[{"start":{"line":14,"column":30},"end":{"line":14,"column":42}},{"start":{"line":14,"column":46},"end":{"line":14,"column":48}}],"line":14},"5":{"loc":{"start":{"line":21,"column":2},"end":{"line":25,"column":3}},"type":"if","locations":[{"start":{"line":21,"column":2},"end":{"line":25,"column":3}},{"start":{},"end":{}}],"line":21},"6":{"loc":{"start":{"line":21,"column":6},"end":{"line":21,"column":57}},"type":"binary-expr","locations":[{"start":{"line":21,"column":6},"end":{"line":21,"column":30}},{"start":{"line":21,"column":34},"end":{"line":21,"column":57}}],"line":21},"7":{"loc":{"start":{"line":28,"column":2},"end":{"line":32,"column":3}},"type":"if","locations":[{"start":{"line":28,"column":2},"end":{"line":32,"column":3}},{"start":{},"end":{}}],"line":28},"8":{"loc":{"start":{"line":35,"column":13},"end":{"line":35,"column":34}},"type":"binary-expr","locations":[{"start":{"line":35,"column":13},"end":{"line":35,"column":27}},{"start":{"line":35,"column":31},"end":{"line":35,"column":34}}],"line":35},"9":{"loc":{"start":{"line":36,"column":13},"end":{"line":36,"column":51}},"type":"binary-expr","locations":[{"start":{"line":36,"column":13},"end":{"line":36,"column":24}},{"start":{"line":36,"column":28},"end":{"line":36,"column":51}}],"line":36}},"s":{"0":5,"1":0,"2":0,"3":0,"4":0,"5":0,"6":0,"7":0,"8":0,"9":0,"10":0,"11":0,"12":0},"f":{"0":0,"1":0},"b":{"0":[0,0],"1":[0,0],"2":[0,0],"3":[0,0],"4":[0,0],"5":[0,0],"6":[0,0],"7":[0,0],"8":[0,0],"9":[0,0]},"_coverageSchema":"1a1c01bbd47fc00a2c39e90264f33305004495a9","hash":"1132061c468bf45bce186110e03c9c6b345a495c"}
,"/Users/mikereading/Documents/CascadeProjects/secure-company-api/src/middleware/validation.middleware.js": {"path":"/Users/mikereading/Documents/CascadeProjects/secure-company-api/src/middleware/validation.middleware.js","statementMap":{"0":{"start":{"line":1,"column":35},"end":{"line":1,"column":63}},"1":{"start":{"line":2,"column":29},"end":{"line":2,"column":57}},"2":{"start":{"line":4,"column":0},"end":{"line":28,"column":2}},"3":{"start":{"line":20,"column":25},"end":{"line":20,"column":48}},"4":{"start":{"line":21,"column":6},"end":{"line":23,"column":7}},"5":{"start":{"line":22,"column":8},"end":{"line":22,"column":54}},"6":{"start":{"line":24,"column":6},"end":{"line":24,"column":18}},"7":{"start":{"line":30,"column":0},"end":{"line":42,"column":2}},"8":{"start":{"line":44,"column":0},"end":{"line":57,"column":2}},"9":{"start":{"line":60,"column":17},"end":{"line":60,"column":38}},"10":{"start":{"line":61,"column":2},"end":{"line":66,"column":3}},"11":{"start":{"line":62,"column":4},"end":{"line":65,"column":7}},"12":{"start":{"line":64,"column":40},"end":{"line":64,"column":47}},"13":{"start":{"line":67,"column":2},"end":{"line":67,"column":9}}},"fnMap":{"0":{"name":"(anonymous_0)","decl":{"start":{"line":19,"column":12},"end":{"line":19,"column":13}},"loc":{"start":{"line":19,"column":23},"end":{"line":25,"column":5}},"line":19},"1":{"name":"handleValidationErrors","decl":{"start":{"line":59,"column":9},"end":{"line":59,"column":31}},"loc":{"start":{"line":59,"column":48},"end":{"line":68,"column":1}},"line":59},"2":{"name":"(anonymous_2)","decl":{"start":{"line":64,"column":33},"end":{"line":64,"column":34}},"loc":{"start":{"line":64,"column":40},"end":{"line":64,"column":47}},"line":64}},"branchMap":{"0":{"loc":{"start":{"line":21,"column":6},"end":{"line":23,"column":7}},"type":"if","locations":[{"start":{"line":21,"column":6},"end":{"line":23,"column":7}},{"start":{},"end":{}}],"line":21},"1":{"loc":{"start":{"line":61,"column":2},"end":{"line":66,"column":3}},"type":"if","locations":[{"start":{"line":61,"column":2},"end":{"line":66,"column":3}},{"start":{},"end":{}}],"line":61}},"s":{"0":5,"1":5,"2":5,"3":10,"4":10,"5":3,"6":7,"7":5,"8":5,"9":39,"10":39,"11":9,"12":16,"13":30},"f":{"0":10,"1":39,"2":16},"b":{"0":[3,7],"1":[9,30]},"_coverageSchema":"1a1c01bbd47fc00a2c39e90264f33305004495a9","hash":"e7193ba1c92869b10b988656ca2ec3ea645ed0a7"}
,"/Users/mikereading/Documents/CascadeProjects/secure-company-api/src/models/user.model.js": {"path":"/Users/mikereading/Documents/CascadeProjects/secure-company-api/src/models/user.model.js","statementMap":{"0":{"start":{"line":1,"column":17},"end":{"line":1,"column":36}},"1":{"start":{"line":2,"column":15},"end":{"line":2,"column":34}},"2":{"start":{"line":4,"column":19},"end":{"line":30,"column":2}},"3":{"start":{"line":33,"column":0},"end":{"line":37,"column":3}},"4":{"start":{"line":34,"column":2},"end":{"line":34,"column":50}},"5":{"start":{"line":34,"column":36},"end":{"line":34,"column":50}},"6":{"start":{"line":35,"column":2},"end":{"line":35,"column":55}},"7":{"start":{"line":36,"column":2},"end":{"line":36,"column":9}},"8":{"start":{"line":40,"column":0},"end":{"line":42,"column":2}},"9":{"start":{"line":41,"column":2},"end":{"line":41,"column":64}},"10":{"start":{"line":44,"column":0},"end":{"line":44,"column":52}}},"fnMap":{"0":{"name":"(anonymous_0)","decl":{"start":{"line":33,"column":23},"end":{"line":33,"column":24}},"loc":{"start":{"line":33,"column":44},"end":{"line":37,"column":1}},"line":33},"1":{"name":"(anonymous_1)","decl":{"start":{"line":40,"column":37},"end":{"line":40,"column":38}},"loc":{"start":{"line":40,"column":71},"end":{"line":42,"column":1}},"line":40}},"branchMap":{"0":{"loc":{"start":{"line":34,"column":2},"end":{"line":34,"column":50}},"type":"if","locations":[{"start":{"line":34,"column":2},"end":{"line":34,"column":50}},{"start":{},"end":{}}],"line":34}},"s":{"0":5,"1":5,"2":5,"3":5,"4":29,"5":0,"6":29,"7":29,"8":5,"9":24,"10":5},"f":{"0":29,"1":24},"b":{"0":[0,29]},"_coverageSchema":"1a1c01bbd47fc00a2c39e90264f33305004495a9","hash":"7d511c253c2671b14b7acb7f7f38c62b90ed6a59"}
,"/Users/mikereading/Documents/CascadeProjects/secure-company-api/src/routes/auth.routes.js": {"path":"/Users/mikereading/Documents/CascadeProjects/secure-company-api/src/routes/auth.routes.js","statementMap":{"0":{"start":{"line":1,"column":16},"end":{"line":1,"column":34}},"1":{"start":{"line":2,"column":28},"end":{"line":2,"column":69}},"2":{"start":{"line":3,"column":48},"end":{"line":3,"column":94}},"3":{"start":{"line":4,"column":15},"end":{"line":4,"column":31}},"4":{"start":{"line":6,"column":0},"end":{"line":6,"column":57}},"5":{"start":{"line":7,"column":0},"end":{"line":7,"column":44}},"6":{"start":{"line":9,"column":0},"end":{"line":9,"column":24}}},"fnMap":{},"branchMap":{},"s":{"0":5,"1":5,"2":5,"3":5,"4":5,"5":5,"6":5},"f":{},"b":{},"_coverageSchema":"1a1c01bbd47fc00a2c39e90264f33305004495a9","hash":"b42ec7f71a920147bf6c61c48a26279f682d5a2e"}
,"/Users/mikereading/Documents/CascadeProjects/secure-company-api/src/routes/user.routes.js": {"path":"/Users/mikereading/Documents/CascadeProjects/secure-company-api/src/routes/user.routes.js","statementMap":{"0":{"start":{"line":1,"column":16},"end":{"line":1,"column":34}},"1":{"start":{"line":2,"column":31},"end":{"line":2,"column":71}},"2":{"start":{"line":3,"column":31},"end":{"line":3,"column":77}},"3":{"start":{"line":9,"column":4},"end":{"line":9,"column":45}},"4":{"start":{"line":11,"column":15},"end":{"line":11,"column":31}},"5":{"start":{"line":13,"column":0},"end":{"line":13,"column":20}},"6":{"start":{"line":15,"column":0},"end":{"line":17,"column":40}},"7":{"start":{"line":19,"column":0},"end":{"line":23,"column":42}},"8":{"start":{"line":25,"column":0},"end":{"line":25,"column":24}}},"fnMap":{},"branchMap":{},"s":{"0":5,"1":5,"2":5,"3":5,"4":5,"5":5,"6":5,"7":5,"8":5},"f":{},"b":{},"_coverageSchema":"1a1c01bbd47fc00a2c39e90264f33305004495a9","hash":"c9ce100e207b4a51efa9c6ae98133008234b4638"}
,"/Users/mikereading/Documents/CascadeProjects/secure-company-api/src/utils/password.js": {"path":"/Users/mikereading/Documents/CascadeProjects/secure-company-api/src/utils/password.js","statementMap":{"0":{"start":{"line":1,"column":25},"end":{"line":30,"column":1}},"1":{"start":{"line":2,"column":20},"end":{"line":2,"column":21}},"2":{"start":{"line":3,"column":23},"end":{"line":3,"column":45}},"3":{"start":{"line":4,"column":23},"end":{"line":4,"column":45}},"4":{"start":{"line":5,"column":21},"end":{"line":5,"column":40}},"5":{"start":{"line":6,"column":25},"end":{"line":6,"column":64}},"6":{"start":{"line":8,"column":17},"end":{"line":8,"column":19}},"7":{"start":{"line":10,"column":2},"end":{"line":12,"column":3}},"8":{"start":{"line":11,"column":4},"end":{"line":11,"column":74}},"9":{"start":{"line":13,"column":2},"end":{"line":15,"column":3}},"10":{"start":{"line":14,"column":4},"end":{"line":14,"column":71}},"11":{"start":{"line":16,"column":2},"end":{"line":18,"column":3}},"12":{"start":{"line":17,"column":4},"end":{"line":17,"column":71}},"13":{"start":{"line":19,"column":2},"end":{"line":21,"column":3}},"14":{"start":{"line":20,"column":4},"end":{"line":20,"column":61}},"15":{"start":{"line":22,"column":2},"end":{"line":24,"column":3}},"16":{"start":{"line":23,"column":4},"end":{"line":23,"column":72}},"17":{"start":{"line":26,"column":2},"end":{"line":29,"column":4}},"18":{"start":{"line":32,"column":0},"end":{"line":32,"column":38}}},"fnMap":{"0":{"name":"(anonymous_0)","decl":{"start":{"line":1,"column":25},"end":{"line":1,"column":26}},"loc":{"start":{"line":1,"column":39},"end":{"line":30,"column":1}},"line":1}},"branchMap":{"0":{"loc":{"start":{"line":10,"column":2},"end":{"line":12,"column":3}},"type":"if","locations":[{"start":{"line":10,"column":2},"end":{"line":12,"column":3}},{"start":{},"end":{}}],"line":10},"1":{"loc":{"start":{"line":13,"column":2},"end":{"line":15,"column":3}},"type":"if","locations":[{"start":{"line":13,"column":2},"end":{"line":15,"column":3}},{"start":{},"end":{}}],"line":13},"2":{"loc":{"start":{"line":16,"column":2},"end":{"line":18,"column":3}},"type":"if","locations":[{"start":{"line":16,"column":2},"end":{"line":18,"column":3}},{"start":{},"end":{}}],"line":16},"3":{"loc":{"start":{"line":19,"column":2},"end":{"line":21,"column":3}},"type":"if","locations":[{"start":{"line":19,"column":2},"end":{"line":21,"column":3}},{"start":{},"end":{}}],"line":19},"4":{"loc":{"start":{"line":22,"column":2},"end":{"line":24,"column":3}},"type":"if","locations":[{"start":{"line":22,"column":2},"end":{"line":24,"column":3}},{"start":{},"end":{}}],"line":22}},"s":{"0":5,"1":10,"2":10,"3":10,"4":10,"5":10,"6":10,"7":10,"8":3,"9":10,"10":3,"11":10,"12":1,"13":10,"14":3,"15":10,"16":3,"17":10,"18":5},"f":{"0":10},"b":{"0":[3,7],"1":[3,7],"2":[1,9],"3":[3,7],"4":[3,7]},"_coverageSchema":"1a1c01bbd47fc00a2c39e90264f33305004495a9","hash":"a2f5faa6d1b72b204feb65f89ac1773ef41aac00"}
}
