{"/Users/mikereading/Documents/CascadeProjects/secure-company-api/src/server.js": {"path":"/Users/mikereading/Documents/CascadeProjects/secure-company-api/src/server.js","statementMap":{"0":{"start":{"line":1,"column":0},"end":{"line":1,"column":27}},"1":{"start":{"line":2,"column":16},"end":{"line":2,"column":34}},"2":{"start":{"line":3,"column":17},"end":{"line":3,"column":36}},"3":{"start":{"line":4,"column":13},"end":{"line":4,"column":28}},"4":{"start":{"line":5,"column":15},"end":{"line":5,"column":32}},"5":{"start":{"line":6,"column":20},"end":{"line":6,"column":42}},"6":{"start":{"line":7,"column":19},"end":{"line":7,"column":50}},"7":{"start":{"line":8,"column":19},"end":{"line":8,"column":50}},"8":{"start":{"line":9,"column":25},"end":{"line":9,"column":65}},"9":{"start":{"line":11,"column":12},"end":{"line":11,"column":21}},"10":{"start":{"line":14,"column":0},"end":{"line":14,"column":16}},"11":{"start":{"line":15,"column":0},"end":{"line":15,"column":23}},"12":{"start":{"line":17,"column":0},"end":{"line":26,"column":4}},"13":{"start":{"line":21,"column":4},"end":{"line":23,"column":5}},"14":{"start":{"line":22,"column":6},"end":{"line":22,"column":42}},"15":{"start":{"line":24,"column":4},"end":{"line":24,"column":17}},"16":{"start":{"line":27,"column":0},"end":{"line":27,"column":24}},"17":{"start":{"line":30,"column":0},"end":{"line":30,"column":33}},"18":{"start":{"line":31,"column":0},"end":{"line":31,"column":34}},"19":{"start":{"line":34,"column":0},"end":{"line":34,"column":22}},"20":{"start":{"line":37,"column":18},"end":{"line":47,"column":1}},"21":{"start":{"line":38,"column":2},"end":{"line":46,"column":3}},"22":{"start":{"line":39,"column":4},"end":{"line":42,"column":5}},"23":{"start":{"line":40,"column":6},"end":{"line":40,"column":54}},"24":{"start":{"line":41,"column":6},"end":{"line":41,"column":42}},"25":{"start":{"line":44,"column":4},"end":{"line":44,"column":52}},"26":{"start":{"line":45,"column":4},"end":{"line":45,"column":14}},"27":{"start":{"line":50,"column":20},"end":{"line":63,"column":1}},"28":{"start":{"line":51,"column":2},"end":{"line":62,"column":3}},"29":{"start":{"line":52,"column":4},"end":{"line":61,"column":5}},"30":{"start":{"line":53,"column":6},"end":{"line":53,"column":24}},"31":{"start":{"line":54,"column":19},"end":{"line":54,"column":43}},"32":{"start":{"line":55,"column":6},"end":{"line":57,"column":9}},"33":{"start":{"line":56,"column":8},"end":{"line":56,"column":57}},"34":{"start":{"line":59,"column":6},"end":{"line":59,"column":51}},"35":{"start":{"line":60,"column":6},"end":{"line":60,"column":22}},"36":{"start":{"line":65,"column":0},"end":{"line":65,"column":14}},"37":{"start":{"line":67,"column":0},"end":{"line":67,"column":21}}},"fnMap":{"0":{"name":"(anonymous_0)","decl":{"start":{"line":20,"column":10},"end":{"line":20,"column":11}},"loc":{"start":{"line":20,"column":24},"end":{"line":25,"column":3}},"line":20},"1":{"name":"(anonymous_1)","decl":{"start":{"line":37,"column":18},"end":{"line":37,"column":19}},"loc":{"start":{"line":37,"column":30},"end":{"line":47,"column":1}},"line":37},"2":{"name":"(anonymous_2)","decl":{"start":{"line":50,"column":20},"end":{"line":50,"column":21}},"loc":{"start":{"line":50,"column":32},"end":{"line":63,"column":1}},"line":50},"3":{"name":"(anonymous_3)","decl":{"start":{"line":55,"column":23},"end":{"line":55,"column":24}},"loc":{"start":{"line":55,"column":29},"end":{"line":57,"column":7}},"line":55}},"branchMap":{"0":{"loc":{"start":{"line":21,"column":4},"end":{"line":23,"column":5}},"type":"if","locations":[{"start":{"line":21,"column":4},"end":{"line":23,"column":5}},{"start":{},"end":{}}],"line":21},"1":{"loc":{"start":{"line":21,"column":8},"end":{"line":21,"column":79}},"type":"binary-expr","locations":[{"start":{"line":21,"column":8},"end":{"line":21,"column":38}},{"start":{"line":21,"column":42},"end":{"line":21,"column":79}}],"line":21},"2":{"loc":{"start":{"line":39,"column":4},"end":{"line":42,"column":5}},"type":"if","locations":[{"start":{"line":39,"column":4},"end":{"line":42,"column":5}},{"start":{},"end":{}}],"line":39},"3":{"loc":{"start":{"line":51,"column":2},"end":{"line":62,"column":3}},"type":"if","locations":[{"start":{"line":51,"column":2},"end":{"line":62,"column":3}},{"start":{},"end":{}}],"line":51},"4":{"loc":{"start":{"line":54,"column":19},"end":{"line":54,"column":43}},"type":"binary-expr","locations":[{"start":{"line":54,"column":19},"end":{"line":54,"column":35}},{"start":{"line":54,"column":39},"end":{"line":54,"column":43}}],"line":54}},"s":{"0":5,"1":5,"2":5,"3":5,"4":5,"5":5,"6":5,"7":5,"8":5,"9":5,"10":5,"11":5,"12":5,"13":53,"14":52,"15":1,"16":5,"17":5,"18":5,"19":5,"20":5,"21":0,"22":0,"23":0,"24":0,"25":0,"26":0,"27":5,"28":5,"29":0,"30":0,"31":0,"32":0,"33":0,"34":0,"35":0,"36":5,"37":5},"f":{"0":53,"1":0,"2":5,"3":0},"b":{"0":[52,1],"1":[53,52],"2":[0,0],"3":[0,5],"4":[0,0]},"_coverageSchema":"1a1c01bbd47fc00a2c39e90264f33305004495a9","hash":"e72087af9684cf928256063204dc3f13def0421f"}
,"/Users/mikereading/Documents/CascadeProjects/secure-company-api/src/controllers/auth.controller.js": {"path":"/Users/mikereading/Documents/CascadeProjects/secure-company-api/src/controllers/auth.controller.js","statementMap":{"0":{"start":{"line":1,"column":12},"end":{"line":1,"column":35}},"1":{"start":{"line":2,"column":13},"end":{"line":2,"column":44}},"2":{"start":{"line":4,"column":22},"end":{"line":8,"column":1}},"3":{"start":{"line":5,"column":2},"end":{"line":7,"column":5}},"4":{"start":{"line":10,"column":0},"end":{"line":20,"column":2}},"5":{"start":{"line":11,"column":2},"end":{"line":19,"column":3}},"6":{"start":{"line":12,"column":38},"end":{"line":12,"column":46}},"7":{"start":{"line":13,"column":17},"end":{"line":13,"column":61}},"8":{"start":{"line":15,"column":18},"end":{"line":15,"column":41}},"9":{"start":{"line":16,"column":4},"end":{"line":16,"column":36}},"10":{"start":{"line":18,"column":4},"end":{"line":18,"column":53}},"11":{"start":{"line":22,"column":0},"end":{"line":36,"column":2}},"12":{"start":{"line":23,"column":2},"end":{"line":35,"column":3}},"13":{"start":{"line":24,"column":32},"end":{"line":24,"column":40}},"14":{"start":{"line":26,"column":17},"end":{"line":26,"column":66}},"15":{"start":{"line":27,"column":4},"end":{"line":29,"column":5}},"16":{"start":{"line":28,"column":6},"end":{"line":28,"column":70}},"17":{"start":{"line":31,"column":18},"end":{"line":31,"column":41}},"18":{"start":{"line":32,"column":4},"end":{"line":32,"column":24}},"19":{"start":{"line":34,"column":4},"end":{"line":34,"column":53}}},"fnMap":{"0":{"name":"(anonymous_0)","decl":{"start":{"line":4,"column":22},"end":{"line":4,"column":23}},"loc":{"start":{"line":4,"column":30},"end":{"line":8,"column":1}},"line":4},"1":{"name":"(anonymous_1)","decl":{"start":{"line":10,"column":19},"end":{"line":10,"column":20}},"loc":{"start":{"line":10,"column":39},"end":{"line":20,"column":1}},"line":10},"2":{"name":"(anonymous_2)","decl":{"start":{"line":22,"column":16},"end":{"line":22,"column":17}},"loc":{"start":{"line":22,"column":36},"end":{"line":36,"column":1}},"line":22}},"branchMap":{"0":{"loc":{"start":{"line":27,"column":4},"end":{"line":29,"column":5}},"type":"if","locations":[{"start":{"line":27,"column":4},"end":{"line":29,"column":5}},{"start":{},"end":{}}],"line":27},"1":{"loc":{"start":{"line":27,"column":8},"end":{"line":27,"column":56}},"type":"binary-expr","locations":[{"start":{"line":27,"column":8},"end":{"line":27,"column":13}},{"start":{"line":27,"column":17},"end":{"line":27,"column":56}}],"line":27}},"s":{"0":5,"1":5,"2":5,"3":26,"4":5,"5":5,"6":5,"7":5,"8":3,"9":3,"10":2,"11":5,"12":24,"13":24,"14":24,"15":24,"16":1,"17":23,"18":23,"19":0},"f":{"0":26,"1":5,"2":24},"b":{"0":[1,23],"1":[24,24]},"_coverageSchema":"1a1c01bbd47fc00a2c39e90264f33305004495a9","hash":"0c782d0bbba14f1e6354b24445872382392f5c06"}
,"/Users/mikereading/Documents/CascadeProjects/secure-company-api/src/controllers/user.controller.js": {"path":"/Users/mikereading/Documents/CascadeProjects/secure-company-api/src/controllers/user.controller.js","statementMap":{"0":{"start":{"line":1,"column":13},"end":{"line":1,"column":44}},"1":{"start":{"line":3,"column":0},"end":{"line":10,"column":2}},"2":{"start":{"line":4,"column":2},"end":{"line":9,"column":3}},"3":{"start":{"line":5,"column":18},"end":{"line":5,"column":55}},"4":{"start":{"line":6,"column":4},"end":{"line":6,"column":20}},"5":{"start":{"line":8,"column":4},"end":{"line":8,"column":16}},"6":{"start":{"line":12,"column":0},"end":{"line":22,"column":2}},"7":{"start":{"line":13,"column":2},"end":{"line":21,"column":3}},"8":{"start":{"line":14,"column":17},"end":{"line":14,"column":71}},"9":{"start":{"line":15,"column":4},"end":{"line":17,"column":5}},"10":{"start":{"line":16,"column":6},"end":{"line":16,"column":65}},"11":{"start":{"line":18,"column":4},"end":{"line":18,"column":19}},"12":{"start":{"line":20,"column":4},"end":{"line":20,"column":16}},"13":{"start":{"line":24,"column":0},"end":{"line":40,"column":2}},"14":{"start":{"line":25,"column":2},"end":{"line":39,"column":3}},"15":{"start":{"line":26,"column":28},"end":{"line":26,"column":36}},"16":{"start":{"line":27,"column":17},"end":{"line":31,"column":25}},"17":{"start":{"line":33,"column":4},"end":{"line":35,"column":5}},"18":{"start":{"line":34,"column":6},"end":{"line":34,"column":65}},"19":{"start":{"line":36,"column":4},"end":{"line":36,"column":19}},"20":{"start":{"line":38,"column":4},"end":{"line":38,"column":16}},"21":{"start":{"line":42,"column":0},"end":{"line":52,"column":2}},"22":{"start":{"line":43,"column":2},"end":{"line":51,"column":3}},"23":{"start":{"line":44,"column":17},"end":{"line":44,"column":60}},"24":{"start":{"line":45,"column":4},"end":{"line":47,"column":5}},"25":{"start":{"line":46,"column":6},"end":{"line":46,"column":65}},"26":{"start":{"line":48,"column":4},"end":{"line":48,"column":31}},"27":{"start":{"line":50,"column":4},"end":{"line":50,"column":16}}},"fnMap":{"0":{"name":"(anonymous_0)","decl":{"start":{"line":3,"column":22},"end":{"line":3,"column":23}},"loc":{"start":{"line":3,"column":48},"end":{"line":10,"column":1}},"line":3},"1":{"name":"(anonymous_1)","decl":{"start":{"line":12,"column":18},"end":{"line":12,"column":19}},"loc":{"start":{"line":12,"column":44},"end":{"line":22,"column":1}},"line":12},"2":{"name":"(anonymous_2)","decl":{"start":{"line":24,"column":21},"end":{"line":24,"column":22}},"loc":{"start":{"line":24,"column":47},"end":{"line":40,"column":1}},"line":24},"3":{"name":"(anonymous_3)","decl":{"start":{"line":42,"column":21},"end":{"line":42,"column":22}},"loc":{"start":{"line":42,"column":47},"end":{"line":52,"column":1}},"line":42}},"branchMap":{"0":{"loc":{"start":{"line":15,"column":4},"end":{"line":17,"column":5}},"type":"if","locations":[{"start":{"line":15,"column":4},"end":{"line":17,"column":5}},{"start":{},"end":{}}],"line":15},"1":{"loc":{"start":{"line":33,"column":4},"end":{"line":35,"column":5}},"type":"if","locations":[{"start":{"line":33,"column":4},"end":{"line":35,"column":5}},{"start":{},"end":{}}],"line":33},"2":{"loc":{"start":{"line":45,"column":4},"end":{"line":47,"column":5}},"type":"if","locations":[{"start":{"line":45,"column":4},"end":{"line":47,"column":5}},{"start":{},"end":{}}],"line":45}},"s":{"0":5,"1":5,"2":5,"3":5,"4":5,"5":0,"6":5,"7":4,"8":4,"9":3,"10":1,"11":2,"12":1,"13":5,"14":1,"15":1,"16":1,"17":1,"18":0,"19":1,"20":0,"21":5,"22":1,"23":1,"24":1,"25":0,"26":1,"27":0},"f":{"0":5,"1":4,"2":1,"3":1},"b":{"0":[1,2],"1":[0,1],"2":[0,1]},"_coverageSchema":"1a1c01bbd47fc00a2c39e90264f33305004495a9","hash":"f4be52f07bbf4f68747614e9c48c0e39c1e2a290"}
,"/Users/mikereading/Documents/CascadeProjects/secure-company-api/src/middleware/auth.middleware.js": {"path":"/Users/mikereading/Documents/CascadeProjects/secure-company-api/src/middleware/auth.middleware.js","statementMap":{"0":{"start":{"line":1,"column":12},"end":{"line":1,"column":35}},"1":{"start":{"line":2,"column":13},"end":{"line":2,"column":44}},"2":{"start":{"line":4,"column":0},"end":{"line":21,"column":2}},"3":{"start":{"line":5,"column":2},"end":{"line":20,"column":3}},"4":{"start":{"line":7,"column":4},"end":{"line":9,"column":5}},"5":{"start":{"line":8,"column":6},"end":{"line":8,"column":54}},"6":{"start":{"line":11,"column":4},"end":{"line":13,"column":5}},"7":{"start":{"line":12,"column":6},"end":{"line":12,"column":86}},"8":{"start":{"line":15,"column":20},"end":{"line":15,"column":61}},"9":{"start":{"line":16,"column":4},"end":{"line":16,"column":47}},"10":{"start":{"line":17,"column":4},"end":{"line":17,"column":11}},"11":{"start":{"line":19,"column":4},"end":{"line":19,"column":77}},"12":{"start":{"line":23,"column":0},"end":{"line":30,"column":2}},"13":{"start":{"line":24,"column":2},"end":{"line":29,"column":4}},"14":{"start":{"line":25,"column":4},"end":{"line":27,"column":5}},"15":{"start":{"line":26,"column":6},"end":{"line":26,"column":88}},"16":{"start":{"line":28,"column":4},"end":{"line":28,"column":11}}},"fnMap":{"0":{"name":"(anonymous_0)","decl":{"start":{"line":4,"column":18},"end":{"line":4,"column":19}},"loc":{"start":{"line":4,"column":44},"end":{"line":21,"column":1}},"line":4},"1":{"name":"(anonymous_1)","decl":{"start":{"line":23,"column":20},"end":{"line":23,"column":21}},"loc":{"start":{"line":23,"column":34},"end":{"line":30,"column":1}},"line":23},"2":{"name":"(anonymous_2)","decl":{"start":{"line":24,"column":9},"end":{"line":24,"column":10}},"loc":{"start":{"line":24,"column":29},"end":{"line":29,"column":3}},"line":24}},"branchMap":{"0":{"loc":{"start":{"line":7,"column":4},"end":{"line":9,"column":5}},"type":"if","locations":[{"start":{"line":7,"column":4},"end":{"line":9,"column":5}},{"start":{},"end":{}}],"line":7},"1":{"loc":{"start":{"line":11,"column":4},"end":{"line":13,"column":5}},"type":"if","locations":[{"start":{"line":11,"column":4},"end":{"line":13,"column":5}},{"start":{},"end":{}}],"line":11},"2":{"loc":{"start":{"line":25,"column":4},"end":{"line":27,"column":5}},"type":"if","locations":[{"start":{"line":25,"column":4},"end":{"line":27,"column":5}},{"start":{},"end":{}}],"line":25}},"s":{"0":5,"1":5,"2":5,"3":17,"4":17,"5":16,"6":17,"7":1,"8":16,"9":15,"10":15,"11":1,"12":5,"13":10,"14":8,"15":2,"16":6},"f":{"0":17,"1":10,"2":8},"b":{"0":[16,1],"1":[1,16],"2":[2,6]},"_coverageSchema":"1a1c01bbd47fc00a2c39e90264f33305004495a9","hash":"a41c9b68ff94deecf9bfbe96f3dd712f8a046ae2"}
,"/Users/mikereading/Documents/CascadeProjects/secure-company-api/src/middleware/error.middleware.js": {"path":"/Users/mikereading/Documents/CascadeProjects/secure-company-api/src/middleware/error.middleware.js","statementMap":{"0":{"start":{"line":1,"column":0},"end":{"line":38,"column":2}},"1":{"start":{"line":2,"column":2},"end":{"line":2,"column":21}},"2":{"start":{"line":5,"column":2},"end":{"line":10,"column":3}},"3":{"start":{"line":6,"column":4},"end":{"line":9,"column":7}},"4":{"start":{"line":8,"column":51},"end":{"line":8,"column":62}},"5":{"start":{"line":13,"column":2},"end":{"line":18,"column":3}},"6":{"start":{"line":14,"column":18},"end":{"line":14,"column":46}},"7":{"start":{"line":15,"column":4},"end":{"line":17,"column":7}},"8":{"start":{"line":21,"column":2},"end":{"line":25,"column":3}},"9":{"start":{"line":22,"column":4},"end":{"line":24,"column":7}},"10":{"start":{"line":28,"column":2},"end":{"line":32,"column":3}},"11":{"start":{"line":29,"column":4},"end":{"line":31,"column":7}},"12":{"start":{"line":35,"column":2},"end":{"line":37,"column":5}}},"fnMap":{"0":{"name":"(anonymous_0)","decl":{"start":{"line":1,"column":23},"end":{"line":1,"column":24}},"loc":{"start":{"line":1,"column":48},"end":{"line":38,"column":1}},"line":1},"1":{"name":"(anonymous_1)","decl":{"start":{"line":8,"column":44},"end":{"line":8,"column":45}},"loc":{"start":{"line":8,"column":51},"end":{"line":8,"column":62}},"line":8}},"branchMap":{"0":{"loc":{"start":{"line":5,"column":2},"end":{"line":10,"column":3}},"type":"if","locations":[{"start":{"line":5,"column":2},"end":{"line":10,"column":3}},{"start":{},"end":{}}],"line":5},"1":{"loc":{"start":{"line":13,"column":2},"end":{"line":18,"column":3}},"type":"if","locations":[{"start":{"line":13,"column":2},"end":{"line":18,"column":3}},{"start":{},"end":{}}],"line":13},"2":{"loc":{"start":{"line":21,"column":2},"end":{"line":25,"column":3}},"type":"if","locations":[{"start":{"line":21,"column":2},"end":{"line":25,"column":3}},{"start":{},"end":{}}],"line":21},"3":{"loc":{"start":{"line":21,"column":6},"end":{"line":21,"column":57}},"type":"binary-expr","locations":[{"start":{"line":21,"column":6},"end":{"line":21,"column":30}},{"start":{"line":21,"column":34},"end":{"line":21,"column":57}}],"line":21},"4":{"loc":{"start":{"line":28,"column":2},"end":{"line":32,"column":3}},"type":"if","locations":[{"start":{"line":28,"column":2},"end":{"line":32,"column":3}},{"start":{},"end":{}}],"line":28},"5":{"loc":{"start":{"line":35,"column":13},"end":{"line":35,"column":34}},"type":"binary-expr","locations":[{"start":{"line":35,"column":13},"end":{"line":35,"column":27}},{"start":{"line":35,"column":31},"end":{"line":35,"column":34}}],"line":35},"6":{"loc":{"start":{"line":36,"column":13},"end":{"line":36,"column":51}},"type":"binary-expr","locations":[{"start":{"line":36,"column":13},"end":{"line":36,"column":24}},{"start":{"line":36,"column":28},"end":{"line":36,"column":51}}],"line":36}},"s":{"0":5,"1":1,"2":1,"3":0,"4":0,"5":1,"6":0,"7":0,"8":1,"9":1,"10":0,"11":0,"12":0},"f":{"0":1,"1":0},"b":{"0":[0,1],"1":[0,1],"2":[1,0],"3":[1,1],"4":[0,0],"5":[0,0],"6":[0,0]},"_coverageSchema":"1a1c01bbd47fc00a2c39e90264f33305004495a9","hash":"205ae05cebea41740017ae37aab45a464e5d6d4f"}
,"/Users/mikereading/Documents/CascadeProjects/secure-company-api/src/middleware/validation.middleware.js": {"path":"/Users/mikereading/Documents/CascadeProjects/secure-company-api/src/middleware/validation.middleware.js","statementMap":{"0":{"start":{"line":1,"column":35},"end":{"line":1,"column":63}},"1":{"start":{"line":3,"column":0},"end":{"line":23,"column":2}},"2":{"start":{"line":25,"column":0},"end":{"line":37,"column":2}},"3":{"start":{"line":39,"column":0},"end":{"line":52,"column":2}},"4":{"start":{"line":55,"column":17},"end":{"line":55,"column":38}},"5":{"start":{"line":56,"column":2},"end":{"line":61,"column":3}},"6":{"start":{"line":57,"column":4},"end":{"line":60,"column":7}},"7":{"start":{"line":59,"column":40},"end":{"line":59,"column":47}},"8":{"start":{"line":62,"column":2},"end":{"line":62,"column":9}}},"fnMap":{"0":{"name":"handleValidationErrors","decl":{"start":{"line":54,"column":9},"end":{"line":54,"column":31}},"loc":{"start":{"line":54,"column":48},"end":{"line":63,"column":1}},"line":54},"1":{"name":"(anonymous_1)","decl":{"start":{"line":59,"column":33},"end":{"line":59,"column":34}},"loc":{"start":{"line":59,"column":40},"end":{"line":59,"column":47}},"line":59}},"branchMap":{"0":{"loc":{"start":{"line":56,"column":2},"end":{"line":61,"column":3}},"type":"if","locations":[{"start":{"line":56,"column":2},"end":{"line":61,"column":3}},{"start":{},"end":{}}],"line":56}},"s":{"0":5,"1":5,"2":5,"3":5,"4":39,"5":39,"6":9,"7":20,"8":30},"f":{"0":39,"1":20},"b":{"0":[9,30]},"_coverageSchema":"1a1c01bbd47fc00a2c39e90264f33305004495a9","hash":"27b440f5bbf5f748d10c56d0a7ab116b715a4d58"}
,"/Users/mikereading/Documents/CascadeProjects/secure-company-api/src/models/user.model.js": {"path":"/Users/mikereading/Documents/CascadeProjects/secure-company-api/src/models/user.model.js","statementMap":{"0":{"start":{"line":1,"column":17},"end":{"line":1,"column":36}},"1":{"start":{"line":2,"column":15},"end":{"line":2,"column":34}},"2":{"start":{"line":4,"column":19},"end":{"line":30,"column":2}},"3":{"start":{"line":33,"column":0},"end":{"line":37,"column":3}},"4":{"start":{"line":34,"column":2},"end":{"line":34,"column":50}},"5":{"start":{"line":34,"column":36},"end":{"line":34,"column":50}},"6":{"start":{"line":35,"column":2},"end":{"line":35,"column":55}},"7":{"start":{"line":36,"column":2},"end":{"line":36,"column":9}},"8":{"start":{"line":40,"column":0},"end":{"line":42,"column":2}},"9":{"start":{"line":41,"column":2},"end":{"line":41,"column":64}},"10":{"start":{"line":44,"column":0},"end":{"line":44,"column":52}}},"fnMap":{"0":{"name":"(anonymous_0)","decl":{"start":{"line":33,"column":23},"end":{"line":33,"column":24}},"loc":{"start":{"line":33,"column":44},"end":{"line":37,"column":1}},"line":33},"1":{"name":"(anonymous_1)","decl":{"start":{"line":40,"column":37},"end":{"line":40,"column":38}},"loc":{"start":{"line":40,"column":71},"end":{"line":42,"column":1}},"line":40}},"branchMap":{"0":{"loc":{"start":{"line":34,"column":2},"end":{"line":34,"column":50}},"type":"if","locations":[{"start":{"line":34,"column":2},"end":{"line":34,"column":50}},{"start":{},"end":{}}],"line":34}},"s":{"0":5,"1":5,"2":5,"3":5,"4":29,"5":0,"6":29,"7":29,"8":5,"9":24,"10":5},"f":{"0":29,"1":24},"b":{"0":[0,29]},"_coverageSchema":"1a1c01bbd47fc00a2c39e90264f33305004495a9","hash":"7d511c253c2671b14b7acb7f7f38c62b90ed6a59"}
,"/Users/mikereading/Documents/CascadeProjects/secure-company-api/src/routes/auth.routes.js": {"path":"/Users/mikereading/Documents/CascadeProjects/secure-company-api/src/routes/auth.routes.js","statementMap":{"0":{"start":{"line":1,"column":16},"end":{"line":1,"column":34}},"1":{"start":{"line":2,"column":28},"end":{"line":2,"column":69}},"2":{"start":{"line":3,"column":48},"end":{"line":3,"column":94}},"3":{"start":{"line":4,"column":15},"end":{"line":4,"column":31}},"4":{"start":{"line":6,"column":0},"end":{"line":6,"column":57}},"5":{"start":{"line":7,"column":0},"end":{"line":7,"column":44}},"6":{"start":{"line":9,"column":0},"end":{"line":9,"column":24}}},"fnMap":{},"branchMap":{},"s":{"0":5,"1":5,"2":5,"3":5,"4":5,"5":5,"6":5},"f":{},"b":{},"_coverageSchema":"1a1c01bbd47fc00a2c39e90264f33305004495a9","hash":"b42ec7f71a920147bf6c61c48a26279f682d5a2e"}
,"/Users/mikereading/Documents/CascadeProjects/secure-company-api/src/routes/user.routes.js": {"path":"/Users/mikereading/Documents/CascadeProjects/secure-company-api/src/routes/user.routes.js","statementMap":{"0":{"start":{"line":1,"column":16},"end":{"line":1,"column":34}},"1":{"start":{"line":2,"column":31},"end":{"line":2,"column":71}},"2":{"start":{"line":3,"column":31},"end":{"line":3,"column":77}},"3":{"start":{"line":9,"column":4},"end":{"line":9,"column":45}},"4":{"start":{"line":11,"column":15},"end":{"line":11,"column":31}},"5":{"start":{"line":13,"column":0},"end":{"line":13,"column":20}},"6":{"start":{"line":15,"column":0},"end":{"line":17,"column":40}},"7":{"start":{"line":19,"column":0},"end":{"line":23,"column":42}},"8":{"start":{"line":25,"column":0},"end":{"line":25,"column":24}}},"fnMap":{},"branchMap":{},"s":{"0":5,"1":5,"2":5,"3":5,"4":5,"5":5,"6":5,"7":5,"8":5},"f":{},"b":{},"_coverageSchema":"1a1c01bbd47fc00a2c39e90264f33305004495a9","hash":"c9ce100e207b4a51efa9c6ae98133008234b4638"}
}
