TN:
SF:src/server.js
FN:55,(anonymous_0)
FN:74,(anonymous_1)
FN:87,(anonymous_2)
FN:92,(anonymous_3)
FNF:4
FNH:2
FNDA:190,(anonymous_0)
FNDA:0,(anonymous_1)
FNDA:7,(anonymous_2)
FNDA:0,(anonymous_3)
DA:1,7
DA:2,7
DA:3,7
DA:4,7
DA:5,7
DA:6,7
DA:7,7
DA:8,7
DA:9,7
DA:10,7
DA:11,7
DA:12,7
DA:13,7
DA:14,7
DA:16,7
DA:19,7
DA:20,7
DA:23,7
DA:24,0
DA:28,0
DA:31,0
DA:36,0
DA:40,7
DA:49,7
DA:52,7
DA:56,190
DA:57,189
DA:59,1
DA:62,7
DA:65,7
DA:66,7
DA:67,7
DA:68,7
DA:71,7
DA:74,7
DA:75,0
DA:76,0
DA:77,0
DA:78,0
DA:81,0
DA:82,0
DA:87,7
DA:88,7
DA:89,0
DA:90,0
DA:91,0
DA:92,0
DA:93,0
DA:96,0
DA:97,0
DA:102,7
DA:104,7
LF:52
LH:35
BRDA:23,0,0,0
BRDA:23,0,1,7
BRDA:41,1,0,0
BRDA:41,1,1,7
BRDA:56,2,0,189
BRDA:56,2,1,1
BRDA:56,3,0,190
BRDA:56,3,1,189
BRDA:76,4,0,0
BRDA:76,4,1,0
BRDA:88,5,0,0
BRDA:88,5,1,7
BRDA:91,6,0,0
BRDA:91,6,1,0
BRF:14
BRH:7
end_of_record
TN:
SF:src/controllers/auth.controller.js
FN:5,(anonymous_0)
FN:10,(anonymous_1)
FN:15,(anonymous_2)
FN:21,(anonymous_3)
FNF:4
FNH:4
FNDA:116,(anonymous_0)
FNDA:116,(anonymous_1)
FNDA:5,(anonymous_2)
FNDA:114,(anonymous_3)
DA:1,7
DA:2,7
DA:3,7
DA:5,7
DA:6,116
DA:7,116
DA:10,7
DA:11,116
DA:12,116
DA:15,7
DA:16,5
DA:17,5
DA:18,3
DA:21,7
DA:22,114
DA:24,114
DA:25,114
DA:26,1
DA:29,113
LF:19
LH:19
BRDA:6,0,0,116
BRDA:6,0,1,0
BRDA:6,1,0,0
BRDA:6,1,1,0
BRDA:25,2,0,1
BRDA:25,2,1,113
BRDA:25,3,0,114
BRDA:25,3,1,114
BRF:8
BRH:5
end_of_record
TN:
SF:src/controllers/cart.controller.js
FN:6,(anonymous_0)
FN:12,(anonymous_1)
FN:41,(anonymous_2)
FN:76,(anonymous_3)
FN:96,(anonymous_4)
FN:115,(anonymous_5)
FN:136,(anonymous_6)
FN:154,(anonymous_7)
FN:169,(anonymous_8)
FNF:9
FNH:9
FNDA:1,(anonymous_0)
FNDA:4,(anonymous_1)
FNDA:16,(anonymous_2)
FNDA:1,(anonymous_3)
FNDA:3,(anonymous_4)
FNDA:3,(anonymous_5)
FNDA:2,(anonymous_6)
FNDA:2,(anonymous_7)
FNDA:1,(anonymous_8)
DA:1,7
DA:2,7
DA:3,7
DA:6,7
DA:7,1
DA:8,1
DA:12,7
DA:13,4
DA:16,4
DA:17,1
DA:22,3
DA:24,3
DA:26,1
DA:27,1
DA:31,1
DA:33,0
DA:37,3
DA:41,7
DA:42,16
DA:43,16
DA:46,16
DA:47,0
DA:53,16
DA:54,16
DA:55,1
DA:60,15
DA:63,15
DA:64,14
DA:65,1
DA:69,13
DA:76,14
DA:78,14
DA:80,1
DA:83,13
DA:90,14
DA:91,14
DA:92,14
DA:96,7
DA:97,3
DA:98,3
DA:99,3
DA:102,3
DA:103,0
DA:108,3
DA:109,3
DA:110,0
DA:115,3
DA:116,3
DA:117,1
DA:122,2
DA:124,1
DA:127,1
DA:130,2
DA:131,2
DA:132,2
DA:136,7
DA:137,2
DA:138,2
DA:141,2
DA:142,0
DA:147,2
DA:148,2
DA:149,0
DA:154,2
DA:155,2
DA:156,1
DA:161,1
DA:162,1
DA:164,1
DA:165,1
DA:169,7
DA:170,1
DA:173,1
DA:174,0
DA:179,1
DA:180,1
DA:181,0
DA:186,1
DA:187,1
DA:189,1
DA:190,1
LF:81
LH:73
BRDA:13,0,0,4
BRDA:13,0,1,2
BRDA:16,1,0,1
BRDA:16,1,1,3
BRDA:16,2,0,4
BRDA:16,2,1,3
BRDA:24,3,0,1
BRDA:24,3,1,2
BRDA:26,4,0,1
BRDA:26,4,1,0
BRDA:43,5,0,16
BRDA:43,5,1,15
BRDA:46,6,0,0
BRDA:46,6,1,16
BRDA:46,7,0,16
BRDA:46,7,1,15
BRDA:54,8,0,1
BRDA:54,8,1,15
BRDA:63,9,0,14
BRDA:63,9,1,1
BRDA:64,10,0,1
BRDA:64,10,1,13
BRDA:78,11,0,1
BRDA:78,11,1,13
BRDA:99,12,0,3
BRDA:99,12,1,3
BRDA:102,13,0,0
BRDA:102,13,1,3
BRDA:102,14,0,3
BRDA:102,14,1,3
BRDA:109,15,0,0
BRDA:109,15,1,3
BRDA:116,16,0,1
BRDA:116,16,1,2
BRDA:122,17,0,1
BRDA:122,17,1,1
BRDA:138,18,0,2
BRDA:138,18,1,2
BRDA:141,19,0,0
BRDA:141,19,1,2
BRDA:141,20,0,2
BRDA:141,20,1,2
BRDA:148,21,0,0
BRDA:148,21,1,2
BRDA:155,22,0,1
BRDA:155,22,1,1
BRDA:170,23,0,1
BRDA:170,23,1,1
BRDA:173,24,0,0
BRDA:173,24,1,1
BRDA:173,25,0,1
BRDA:173,25,1,1
BRDA:180,26,0,0
BRDA:180,26,1,1
BRF:54
BRH:46
end_of_record
TN:
SF:src/controllers/product.controller.js
FN:4,(anonymous_0)
FN:9,(anonymous_1)
FN:14,(anonymous_2)
FN:29,(anonymous_3)
FN:39,(anonymous_4)
FNF:5
FNH:5
FNDA:1,(anonymous_0)
FNDA:1,(anonymous_1)
FNDA:3,(anonymous_2)
FNDA:1,(anonymous_3)
FNDA:1,(anonymous_4)
DA:1,7
DA:2,7
DA:4,7
DA:5,1
DA:6,1
DA:9,7
DA:10,1
DA:11,1
DA:14,7
DA:16,3
DA:17,3
DA:18,0
DA:24,3
DA:25,3
DA:26,1
DA:29,7
DA:30,1
DA:35,1
DA:36,1
DA:39,7
DA:40,1
DA:41,1
DA:42,1
LF:23
LH:22
BRDA:17,0,0,0
BRDA:17,0,1,3
BRDA:25,1,0,2
BRDA:25,1,1,1
BRDA:35,2,0,0
BRDA:35,2,1,1
BRDA:41,3,0,0
BRDA:41,3,1,1
BRF:8
BRH:5
end_of_record
TN:
SF:src/controllers/user.controller.js
FN:5,(anonymous_0)
FN:7,(anonymous_1)
FN:12,(anonymous_2)
FN:23,(anonymous_3)
FN:36,(anonymous_4)
FNF:5
FNH:5
FNDA:4,(anonymous_0)
FNDA:5,(anonymous_1)
FNDA:4,(anonymous_2)
FNDA:1,(anonymous_3)
FNDA:1,(anonymous_4)
DA:1,7
DA:2,7
DA:5,7
DA:7,7
DA:8,5
DA:9,5
DA:12,7
DA:13,4
DA:14,1
DA:17,3
DA:18,3
DA:20,2
DA:23,7
DA:24,1
DA:25,1
DA:31,1
DA:33,1
DA:36,7
DA:37,1
DA:38,1
DA:40,1
LF:21
LH:21
BRDA:13,0,0,1
BRDA:13,0,1,3
BRDA:18,1,0,1
BRDA:18,1,1,2
BRDA:31,2,0,0
BRDA:31,2,1,1
BRDA:38,3,0,0
BRDA:38,3,1,1
BRF:8
BRH:6
end_of_record
TN:
SF:src/middleware/auth.middleware.js
FN:4,(anonymous_0)
FN:57,(anonymous_1)
FN:58,(anonymous_2)
FNF:3
FNH:3
FNDA:64,(anonymous_0)
FNDA:70,(anonymous_1)
FNDA:19,(anonymous_2)
DA:1,7
DA:2,7
DA:4,7
DA:5,64
DA:7,64
DA:8,61
DA:11,64
DA:12,3
DA:18,61
DA:19,61
DA:22,60
DA:23,60
DA:24,0
DA:30,60
DA:31,60
DA:32,0
DA:38,60
DA:39,60
DA:41,1
DA:42,1
DA:47,0
DA:50,0
DA:57,7
DA:58,70
DA:59,19
DA:60,7
DA:62,12
LF:27
LH:23
BRDA:7,0,0,61
BRDA:7,0,1,3
BRDA:11,1,0,3
BRDA:11,1,1,61
BRDA:23,2,0,0
BRDA:23,2,1,60
BRDA:23,3,0,60
BRDA:23,3,1,60
BRDA:31,4,0,0
BRDA:31,4,1,60
BRDA:41,5,0,1
BRDA:41,5,1,0
BRDA:59,6,0,7
BRDA:59,6,1,12
BRF:14
BRH:11
end_of_record
TN:
SF:src/middleware/cart.validation.js
FN:4,(anonymous_0)
FN:9,(anonymous_1)
FN:39,(anonymous_2)
FN:64,(anonymous_3)
FNF:4
FNH:4
FNDA:28,(anonymous_0)
FNDA:4,(anonymous_1)
FNDA:4,(anonymous_2)
FNDA:4,(anonymous_3)
DA:1,7
DA:2,7
DA:4,7
DA:5,28
DA:6,28
DA:7,4
DA:9,4
DA:12,24
DA:15,7
DA:29,7
DA:41,4
DA:42,0
DA:44,4
DA:50,7
DA:60,7
DA:65,4
DA:66,1
DA:68,3
LF:18
LH:17
BRDA:6,0,0,4
BRDA:6,0,1,24
BRDA:41,1,0,0
BRDA:41,1,1,4
BRDA:65,2,0,1
BRDA:65,2,1,3
BRF:6
BRH:5
end_of_record
TN:
SF:src/middleware/error.middleware.js
FN:1,(anonymous_0)
FN:8,(anonymous_1)
FNF:2
FNH:1
FNDA:2,(anonymous_0)
FNDA:0,(anonymous_1)
DA:1,7
DA:2,2
DA:5,2
DA:6,0
DA:8,0
DA:13,2
DA:14,2
DA:15,2
DA:21,0
DA:22,0
DA:28,0
DA:29,0
DA:35,0
LF:13
LH:6
BRDA:5,0,0,0
BRDA:5,0,1,2
BRDA:13,1,0,2
BRDA:13,1,1,0
BRDA:13,2,0,2
BRDA:13,2,1,0
BRDA:14,3,0,2
BRDA:14,3,1,0
BRDA:14,4,0,2
BRDA:14,4,1,0
BRDA:21,5,0,0
BRDA:21,5,1,0
BRDA:21,6,0,0
BRDA:21,6,1,0
BRDA:28,7,0,0
BRDA:28,7,1,0
BRDA:35,8,0,0
BRDA:35,8,1,0
BRDA:36,9,0,0
BRDA:36,9,1,0
BRF:20
BRH:5
end_of_record
TN:
SF:src/middleware/product.validation.js
FN:3,(anonymous_0)
FN:8,(anonymous_1)
FN:39,(anonymous_2)
FN:79,(anonymous_3)
FNF:4
FNH:4
FNDA:8,(anonymous_0)
FNDA:8,(anonymous_1)
FNDA:2,(anonymous_2)
FNDA:1,(anonymous_3)
DA:1,7
DA:3,7
DA:4,8
DA:5,8
DA:6,2
DA:8,8
DA:11,6
DA:14,7
DA:40,2
DA:41,0
DA:43,2
DA:49,7
DA:80,1
DA:81,0
DA:83,1
DA:89,7
LF:16
LH:14
BRDA:5,0,0,2
BRDA:5,0,1,6
BRDA:40,1,0,0
BRDA:40,1,1,2
BRDA:80,2,0,0
BRDA:80,2,1,1
BRF:6
BRH:4
end_of_record
TN:
SF:src/middleware/validation.middleware.js
FN:19,(anonymous_0)
FN:59,handleValidationErrors
FN:64,(anonymous_2)
FNF:3
FNH:3
FNDA:10,(anonymous_0)
FNDA:129,handleValidationErrors
FNDA:16,(anonymous_2)
DA:1,7
DA:2,7
DA:4,7
DA:20,10
DA:21,10
DA:22,3
DA:24,7
DA:30,7
DA:44,7
DA:60,129
DA:61,129
DA:62,9
DA:64,16
DA:67,120
LF:14
LH:14
BRDA:21,0,0,3
BRDA:21,0,1,7
BRDA:61,1,0,9
BRDA:61,1,1,120
BRF:4
BRH:4
end_of_record
TN:
SF:src/models/cart.model.js
FN:34,(anonymous_0)
FN:40,(anonymous_1)
FN:41,(anonymous_2)
FNF:3
FNH:3
FNDA:33,(anonymous_0)
FNDA:23,(anonymous_1)
FNDA:19,(anonymous_2)
DA:1,7
DA:3,7
DA:19,7
DA:34,7
DA:35,33
DA:36,33
DA:40,7
DA:41,23
DA:45,7
DA:47,7
LF:10
LH:10
BRF:0
BRH:0
end_of_record
TN:
SF:src/models/product.model.js
FN:51,(anonymous_0)
FNF:1
FNH:1
FNDA:39,(anonymous_0)
DA:1,7
DA:2,7
DA:4,7
DA:51,7
DA:52,39
DA:53,39
DA:56,7
LF:7
LH:7
BRF:0
BRH:0
end_of_record
TN:
SF:src/models/user.model.js
FN:33,(anonymous_0)
FN:40,(anonymous_1)
FNF:2
FNH:2
FNDA:119,(anonymous_0)
FNDA:114,(anonymous_1)
DA:1,7
DA:2,7
DA:4,7
DA:33,7
DA:34,119
DA:35,119
DA:36,119
DA:40,7
DA:41,114
DA:44,7
LF:10
LH:10
BRDA:34,0,0,0
BRDA:34,0,1,119
BRF:2
BRH:1
end_of_record
TN:
SF:src/routes/auth.routes.js
FNF:0
FNH:0
DA:1,7
DA:2,7
DA:3,7
DA:4,7
DA:6,7
DA:7,7
DA:9,7
LF:7
LH:7
BRF:0
BRH:0
end_of_record
TN:
SF:src/routes/cart.routes.js
FNF:0
FNH:0
DA:1,7
DA:2,7
DA:3,7
DA:9,7
DA:17,7
DA:20,7
DA:25,7
DA:31,7
DA:37,7
DA:43,7
DA:48,7
LF:11
LH:11
BRF:0
BRH:0
end_of_record
TN:
SF:src/routes/product.routes.js
FNF:0
FNH:0
DA:1,7
DA:2,7
DA:3,7
DA:8,7
DA:15,7
DA:17,7
DA:22,7
DA:28,7
LF:8
LH:8
BRF:0
BRH:0
end_of_record
TN:
SF:src/routes/user.routes.js
FNF:0
FNH:0
DA:1,7
DA:2,7
DA:3,7
DA:9,7
DA:11,7
DA:13,7
DA:15,7
DA:19,7
DA:25,7
LF:9
LH:9
BRF:0
BRH:0
end_of_record
TN:
SF:src/utils/controller.js
FN:1,(anonymous_0)
FN:1,(anonymous_1)
FN:5,(anonymous_2)
FN:12,(anonymous_3)
FNF:4
FNH:4
FNDA:119,(anonymous_0)
FNDA:164,(anonymous_1)
FNDA:162,(anonymous_2)
FNDA:3,(anonymous_3)
DA:1,119
DA:2,164
DA:5,7
DA:6,162
DA:7,2
DA:9,160
DA:12,7
DA:13,3
DA:15,7
LF:9
LH:9
BRDA:6,0,0,2
BRDA:6,0,1,160
BRDA:12,1,0,0
BRF:3
BRH:2
end_of_record
TN:
SF:src/utils/password.js
FN:1,(anonymous_0)
FNF:1
FNH:1
FNDA:10,(anonymous_0)
DA:1,7
DA:2,10
DA:3,10
DA:4,10
DA:5,10
DA:6,10
DA:8,10
DA:10,10
DA:11,3
DA:13,10
DA:14,3
DA:16,10
DA:17,1
DA:19,10
DA:20,3
DA:22,10
DA:23,3
DA:26,10
DA:32,7
LF:19
LH:19
BRDA:10,0,0,3
BRDA:10,0,1,7
BRDA:13,1,0,3
BRDA:13,1,1,7
BRDA:16,2,0,1
BRDA:16,2,1,9
BRDA:19,3,0,3
BRDA:19,3,1,7
BRDA:22,4,0,3
BRDA:22,4,1,7
BRF:10
BRH:10
end_of_record
