TN:
SF:src/server.js
FN:20,(anonymous_0)
FN:37,(anonymous_1)
FN:50,(anonymous_2)
FN:55,(anonymous_3)
FNF:4
FNH:2
FNDA:53,(anonymous_0)
FNDA:0,(anonymous_1)
FNDA:5,(anonymous_2)
FNDA:0,(anonymous_3)
DA:1,5
DA:2,5
DA:3,5
DA:4,5
DA:5,5
DA:6,5
DA:7,5
DA:8,5
DA:9,5
DA:11,5
DA:14,5
DA:15,5
DA:17,5
DA:21,53
DA:22,52
DA:24,1
DA:27,5
DA:30,5
DA:31,5
DA:34,5
DA:37,5
DA:38,0
DA:39,0
DA:40,0
DA:41,0
DA:44,0
DA:45,0
DA:50,5
DA:51,5
DA:52,0
DA:53,0
DA:54,0
DA:55,0
DA:56,0
DA:59,0
DA:60,0
DA:65,5
DA:67,5
LF:38
LH:25
BRDA:21,0,0,52
BRDA:21,0,1,1
BRDA:21,1,0,53
BRDA:21,1,1,52
BRDA:39,2,0,0
BRDA:39,2,1,0
BRDA:51,3,0,0
BRDA:51,3,1,5
BRDA:54,4,0,0
BRDA:54,4,1,0
BRF:10
BRH:5
end_of_record
TN:
SF:src/controllers/auth.controller.js
FN:4,(anonymous_0)
FN:10,(anonymous_1)
FN:22,(anonymous_2)
FNF:3
FNH:3
FNDA:26,(anonymous_0)
FNDA:5,(anonymous_1)
FNDA:24,(anonymous_2)
DA:1,5
DA:2,5
DA:4,5
DA:5,26
DA:10,5
DA:11,5
DA:12,5
DA:13,5
DA:15,3
DA:16,3
DA:18,2
DA:22,5
DA:23,24
DA:24,24
DA:26,24
DA:27,24
DA:28,1
DA:31,23
DA:32,23
DA:34,0
LF:20
LH:19
BRDA:27,0,0,1
BRDA:27,0,1,23
BRDA:27,1,0,24
BRDA:27,1,1,24
BRF:4
BRH:4
end_of_record
TN:
SF:src/controllers/user.controller.js
FN:3,(anonymous_0)
FN:12,(anonymous_1)
FN:24,(anonymous_2)
FN:42,(anonymous_3)
FNF:4
FNH:4
FNDA:5,(anonymous_0)
FNDA:4,(anonymous_1)
FNDA:1,(anonymous_2)
FNDA:1,(anonymous_3)
DA:1,5
DA:3,5
DA:4,5
DA:5,5
DA:6,5
DA:8,0
DA:12,5
DA:13,4
DA:14,4
DA:15,3
DA:16,1
DA:18,2
DA:20,1
DA:24,5
DA:25,1
DA:26,1
DA:27,1
DA:33,1
DA:34,0
DA:36,1
DA:38,0
DA:42,5
DA:43,1
DA:44,1
DA:45,1
DA:46,0
DA:48,1
DA:50,0
LF:28
LH:23
BRDA:15,0,0,1
BRDA:15,0,1,2
BRDA:33,1,0,0
BRDA:33,1,1,1
BRDA:45,2,0,0
BRDA:45,2,1,1
BRF:6
BRH:4
end_of_record
TN:
SF:src/middleware/auth.middleware.js
FN:4,(anonymous_0)
FN:23,(anonymous_1)
FN:24,(anonymous_2)
FNF:3
FNH:3
FNDA:17,(anonymous_0)
FNDA:10,(anonymous_1)
FNDA:8,(anonymous_2)
DA:1,5
DA:2,5
DA:4,5
DA:5,17
DA:7,17
DA:8,16
DA:11,17
DA:12,1
DA:15,16
DA:16,15
DA:17,15
DA:19,1
DA:23,5
DA:24,10
DA:25,8
DA:26,2
DA:28,6
LF:17
LH:17
BRDA:7,0,0,16
BRDA:7,0,1,1
BRDA:11,1,0,1
BRDA:11,1,1,16
BRDA:25,2,0,2
BRDA:25,2,1,6
BRF:6
BRH:6
end_of_record
TN:
SF:src/middleware/error.middleware.js
FN:1,(anonymous_0)
FN:8,(anonymous_1)
FNF:2
FNH:1
FNDA:1,(anonymous_0)
FNDA:0,(anonymous_1)
DA:1,5
DA:2,1
DA:5,1
DA:6,0
DA:8,0
DA:13,1
DA:14,0
DA:15,0
DA:21,1
DA:22,1
DA:28,0
DA:29,0
DA:35,0
LF:13
LH:6
BRDA:5,0,0,0
BRDA:5,0,1,1
BRDA:13,1,0,0
BRDA:13,1,1,1
BRDA:21,2,0,1
BRDA:21,2,1,0
BRDA:21,3,0,1
BRDA:21,3,1,1
BRDA:28,4,0,0
BRDA:28,4,1,0
BRDA:35,5,0,0
BRDA:35,5,1,0
BRDA:36,6,0,0
BRDA:36,6,1,0
BRF:14
BRH:5
end_of_record
TN:
SF:src/middleware/validation.middleware.js
FN:54,handleValidationErrors
FN:59,(anonymous_1)
FNF:2
FNH:2
FNDA:39,handleValidationErrors
FNDA:20,(anonymous_1)
DA:1,5
DA:3,5
DA:25,5
DA:39,5
DA:55,39
DA:56,39
DA:57,9
DA:59,20
DA:62,30
LF:9
LH:9
BRDA:56,0,0,9
BRDA:56,0,1,30
BRF:2
BRH:2
end_of_record
TN:
SF:src/models/user.model.js
FN:33,(anonymous_0)
FN:40,(anonymous_1)
FNF:2
FNH:2
FNDA:29,(anonymous_0)
FNDA:24,(anonymous_1)
DA:1,5
DA:2,5
DA:4,5
DA:33,5
DA:34,29
DA:35,29
DA:36,29
DA:40,5
DA:41,24
DA:44,5
LF:10
LH:10
BRDA:34,0,0,0
BRDA:34,0,1,29
BRF:2
BRH:1
end_of_record
TN:
SF:src/routes/auth.routes.js
FNF:0
FNH:0
DA:1,5
DA:2,5
DA:3,5
DA:4,5
DA:6,5
DA:7,5
DA:9,5
LF:7
LH:7
BRF:0
BRH:0
end_of_record
TN:
SF:src/routes/user.routes.js
FNF:0
FNH:0
DA:1,5
DA:2,5
DA:3,5
DA:9,5
DA:11,5
DA:13,5
DA:15,5
DA:19,5
DA:25,5
LF:9
LH:9
BRF:0
BRH:0
end_of_record
